<?xml version="1.0" encoding="UTF-8"?>
<!-- Generated by org.testng.reporters.JUnitXMLReporter -->
<testsuite hostname="VLDEVVM03" name="Free CRM App Test Cases" tests="4" failures="0" timestamp="8 Nov 2019 06:31:55 GMT" time="0.146" errors="0">
  <testcase name="@BeforeClass setUp" time="0.0" classname="com.quore.qa.testcases.LoginPageTest">
    <failure type="java.lang.IllegalStateException" message="The driver executable does not exist: C:\Users\Rajesh\Downloads\Quore\Drivers\chromedriver.exe">
      <![CDATA[java.lang.IllegalStateException: The driver executable does not exist: C:\Users\Rajesh\Downloads\Quore\Drivers\chromedriver.exe
	at com.google.common.base.Preconditions.checkState(Preconditions.java:585)
	at org.openqa.selenium.remote.service.DriverService.checkExecutable(DriverService.java:136)
	at org.openqa.selenium.remote.service.DriverService.findExecutable(DriverService.java:131)
	at org.openqa.selenium.chrome.ChromeDriverService.access$000(ChromeDriverService.java:32)
	at org.openqa.selenium.chrome.ChromeDriverService$Builder.findDefaultExecutable(ChromeDriverService.java:137)
	at org.openqa.selenium.remote.service.DriverService$Builder.build(DriverService.java:339)
	at org.openqa.selenium.chrome.ChromeDriverService.createDefaultService(ChromeDriverService.java:88)
	at org.openqa.selenium.chrome.ChromeDriver.<init>(ChromeDriver.java:123)
	at com.quore.qa.base.TestBase.initialization(TestBase.java:76)
	at com.quore.qa.testcases.LoginPageTest.setUp(LoginPageTest.java:26)
... Removed 24 stack frames]]>
    </failure>
  </testcase> <!-- @BeforeClass setUp -->
  <testcase name="@AfterMethod flush" time="0.0" classname="com.quore.qa.testcases.LoginPageTest">
    <skipped/>
  </testcase> <!-- @AfterMethod flush -->
  <testcase name="@AfterMethod flush" time="0.0" classname="com.quore.qa.testcases.LoginPageTest">
    <skipped/>
  </testcase> <!-- @AfterMethod flush -->
  <testcase name="@AfterMethod flush" time="0.0" classname="com.quore.qa.testcases.LoginPageTest">
    <skipped/>
  </testcase> <!-- @AfterMethod flush -->
  <testcase name="@AfterMethod flush" time="0.0" classname="com.quore.qa.testcases.LoginPageTest">
    <skipped/>
  </testcase> <!-- @AfterMethod flush -->
  <testcase name="@AfterClass tearDown" time="0.0" classname="com.quore.qa.testcases.LoginPageTest">
    <skipped/>
  </testcase> <!-- @AfterClass tearDown -->
  <testcase name="@AfterClass tearDown" time="0.0" classname="com.quore.qa.testcases.LoginPageTest">
    <skipped/>
  </testcase> <!-- @AfterClass tearDown -->
  <testcase name="invalidUserName" time="0.002" classname="com.quore.qa.testcases.LoginPageTest">
    <skipped/>
  </testcase> <!-- invalidUserName -->
  <testcase name="invalidPassword" time="0.005" classname="com.quore.qa.testcases.LoginPageTest">
    <skipped/>
  </testcase> <!-- invalidPassword -->
  <testcase name="invalidLogin" time="0.001" classname="com.quore.qa.testcases.LoginPageTest">
    <skipped/>
  </testcase> <!-- invalidLogin -->
  <testcase name="validLogin" time="0.002" classname="com.quore.qa.testcases.LoginPageTest">
    <skipped/>
  </testcase> <!-- validLogin -->
</testsuite> <!-- Free CRM App Test Cases -->
